{
  "uid" : "6131a94bd6b73ab1",
  "name" : "test_db_edu_professional",
  "fullName" : "api_test.testcase.test_person.test_person.TestDbCheck#test_db_edu_professional",
  "historyId" : "d7e095cd44a62f7d2362fc24ac2961fe",
  "time" : {
    "start" : 1683607159022,
    "stop" : 1683607160135,
    "duration" : 1113
  },
  "status" : "failed",
  "statusMessage" : "AssertionError: assert 879 == 0\n +  where 879 = <bound method HandleMysql.get_one_value of <api_test.untils.HandleMysql.HandleMysql object at 0x000002B81A621B08>>('select count(*) count from person_edu_experience where   CHAR_LENGTH(professional) >20')\n +    where <bound method HandleMysql.get_one_value of <api_test.untils.HandleMysql.HandleMysql object at 0x000002B81A621B08>> = <api_test.untils.HandleMysql.HandleMysql object at 0x000002B81A621B08>.get_one_value",
  "statusTrace" : "self = <api_test.testcase.test_person.test_person.TestDbCheck object at 0x000002B81A61D908>\n\n    def test_db_edu_professional(self):\n        #查询专业名称超过20个字符的数据\n>       assert s.get_one_value(\"select count(*) count from person_edu_experience where   CHAR_LENGTH(professional) >20\") == 0\nE       AssertionError: assert 879 == 0\nE        +  where 879 = <bound method HandleMysql.get_one_value of <api_test.untils.HandleMysql.HandleMysql object at 0x000002B81A621B08>>('select count(*) count from person_edu_experience where   CHAR_LENGTH(professional) >20')\nE        +    where <bound method HandleMysql.get_one_value of <api_test.untils.HandleMysql.HandleMysql object at 0x000002B81A621B08>> = <api_test.untils.HandleMysql.HandleMysql object at 0x000002B81A621B08>.get_one_value\n\napi_test\\testcase\\test_person\\test_person.py:55: AssertionError",
  "flaky" : false,
  "newFailed" : false,
  "beforeStages" : [ ],
  "afterStages" : [ ],
  "labels" : [ {
    "name" : "feature",
    "value" : "人物db校验"
  }, {
    "name" : "parentSuite",
    "value" : "api_test.testcase.test_person"
  }, {
    "name" : "suite",
    "value" : "test_person"
  }, {
    "name" : "subSuite",
    "value" : "TestDbCheck"
  }, {
    "name" : "host",
    "value" : "DESKTOP-AR41KHM"
  }, {
    "name" : "thread",
    "value" : "21680-MainThread"
  }, {
    "name" : "framework",
    "value" : "pytest"
  }, {
    "name" : "language",
    "value" : "cpython3"
  }, {
    "name" : "package",
    "value" : "api_test.testcase.test_person.test_person"
  }, {
    "name" : "resultFormat",
    "value" : "allure2"
  } ],
  "parameters" : [ ],
  "links" : [ ],
  "hidden" : true,
  "retry" : true,
  "extra" : {
    "categories" : [ ],
    "tags" : [ ]
  },
  "source" : "6131a94bd6b73ab1.json",
  "parameterValues" : [ ]
}