{
  "uid" : "659fbf4f228e7e7a",
  "name" : "test_db_company_member_person",
  "fullName" : "api_test.testcase.test_person.test_person.TestDbCheck#test_db_company_member_person",
  "historyId" : "9a391d23052558e81883f0adc0f70694",
  "time" : {
    "start" : 1683603909160,
    "stop" : 1683603940954,
    "duration" : 31794
  },
  "status" : "failed",
  "statusMessage" : "AssertionError: assert 91392 == 0\n +  where 91392 = <bound method HandleMysql.get_one_value of <api_test.untils.HandleMysql.HandleMysql object at 0x00000243713FED08>>('select count(*) count from company_member where person_id not in (select data_id from person);')\n +    where <bound method HandleMysql.get_one_value of <api_test.untils.HandleMysql.HandleMysql object at 0x00000243713FED08>> = <api_test.untils.HandleMysql.HandleMysql object at 0x00000243713FED08>.get_one_value",
  "statusTrace" : "self = <api_test.testcase.test_person.test_person.TestDbCheck object at 0x00000243712B9C48>\n\n    def test_db_company_member_person(self):\n        #查询人物不在person表的数据\n>       assert s.get_one_value(\"select count(*) count from company_member where person_id not in (select data_id from person);\") == 0\nE       AssertionError: assert 91392 == 0\nE        +  where 91392 = <bound method HandleMysql.get_one_value of <api_test.untils.HandleMysql.HandleMysql object at 0x00000243713FED08>>('select count(*) count from company_member where person_id not in (select data_id from person);')\nE        +    where <bound method HandleMysql.get_one_value of <api_test.untils.HandleMysql.HandleMysql object at 0x00000243713FED08>> = <api_test.untils.HandleMysql.HandleMysql object at 0x00000243713FED08>.get_one_value\n\napi_test\\testcase\\test_person\\test_person.py:70: AssertionError",
  "flaky" : false,
  "newFailed" : false,
  "beforeStages" : [ ],
  "afterStages" : [ ],
  "labels" : [ {
    "name" : "feature",
    "value" : "人物db校验"
  }, {
    "name" : "parentSuite",
    "value" : "api_test.testcase.test_person"
  }, {
    "name" : "suite",
    "value" : "test_person"
  }, {
    "name" : "subSuite",
    "value" : "TestDbCheck"
  }, {
    "name" : "host",
    "value" : "DESKTOP-AR41KHM"
  }, {
    "name" : "thread",
    "value" : "29684-MainThread"
  }, {
    "name" : "framework",
    "value" : "pytest"
  }, {
    "name" : "language",
    "value" : "cpython3"
  }, {
    "name" : "package",
    "value" : "api_test.testcase.test_person.test_person"
  }, {
    "name" : "resultFormat",
    "value" : "allure2"
  } ],
  "parameters" : [ ],
  "links" : [ ],
  "hidden" : true,
  "retry" : true,
  "extra" : {
    "categories" : [ ],
    "tags" : [ ]
  },
  "source" : "659fbf4f228e7e7a.json",
  "parameterValues" : [ ]
}