{
  "uid" : "6dc3965bcf673514",
  "name" : "test_db_bid_project_name_length",
  "fullName" : "api_test.testcase.test_bid_project.test_bid.Test_Bid_DbCheck#test_db_bid_project_name_length",
  "historyId" : "32fb8237c26c99b7a920a2045b3d50a6",
  "time" : {
    "start" : 1683601507630,
    "stop" : 1683601674600,
    "duration" : 166970
  },
  "status" : "failed",
  "statusMessage" : "AssertionError: assert 62 == 0\n +  where 62 = <bound method HandleMysql.get_one_value of <api_test.untils.HandleMysql.HandleMysql object at 0x0000024370F83248>>('select count(*) count from bid_project where CHAR_LENGTH(name)>300 ;')\n +    where <bound method HandleMysql.get_one_value of <api_test.untils.HandleMysql.HandleMysql object at 0x0000024370F83248>> = <api_test.untils.HandleMysql.HandleMysql object at 0x0000024370F83248>.get_one_value",
  "statusTrace" : "self = <api_test.testcase.test_bid_project.test_bid.Test_Bid_DbCheck object at 0x0000024370F770C8>\n\n    def test_db_bid_project_name_length(self):\n        #断言招投标项目名称长度超过100个字符\n        # assert s.get_one_value(\"select count(*) count from bid_project where CHAR_LENGTH(name)>100 ;\") == 0\n>       assert s.get_one_value(\"select count(*) count from bid_project where CHAR_LENGTH(name)>300 ;\") == 0\nE       AssertionError: assert 62 == 0\nE        +  where 62 = <bound method HandleMysql.get_one_value of <api_test.untils.HandleMysql.HandleMysql object at 0x0000024370F83248>>('select count(*) count from bid_project where CHAR_LENGTH(name)>300 ;')\nE        +    where <bound method HandleMysql.get_one_value of <api_test.untils.HandleMysql.HandleMysql object at 0x0000024370F83248>> = <api_test.untils.HandleMysql.HandleMysql object at 0x0000024370F83248>.get_one_value\n\napi_test\\testcase\\test_bid_project\\test_bid.py:31: AssertionError",
  "flaky" : false,
  "newFailed" : false,
  "beforeStages" : [ ],
  "afterStages" : [ ],
  "labels" : [ {
    "name" : "feature",
    "value" : "招投标db校验"
  }, {
    "name" : "parentSuite",
    "value" : "api_test.testcase.test_bid_project"
  }, {
    "name" : "suite",
    "value" : "test_bid"
  }, {
    "name" : "subSuite",
    "value" : "Test_Bid_DbCheck"
  }, {
    "name" : "host",
    "value" : "DESKTOP-AR41KHM"
  }, {
    "name" : "thread",
    "value" : "29684-MainThread"
  }, {
    "name" : "framework",
    "value" : "pytest"
  }, {
    "name" : "language",
    "value" : "cpython3"
  }, {
    "name" : "package",
    "value" : "api_test.testcase.test_bid_project.test_bid"
  }, {
    "name" : "resultFormat",
    "value" : "allure2"
  } ],
  "parameters" : [ ],
  "links" : [ ],
  "hidden" : true,
  "retry" : true,
  "extra" : {
    "categories" : [ ],
    "tags" : [ ]
  },
  "source" : "6dc3965bcf673514.json",
  "parameterValues" : [ ]
}